.\Debug\ffplay.ilk
.\Debug\ffplay.pdb
E:\share\ffmpeg_openGl\trunk\ffmpeg_vs\ffmpeg_vs\.\Debug\ffplay.exe
E:\share\ffmpeg_openGl\trunk\ffmpeg_vs\ffmpeg_vs\.\Debug\ffplay.exe.intermediate.manifest
E:\SHARE\FFMPEG_OPENGL\TRUNK\FFMPEG_VS\FFMPEG_VS\DEBUG\4XM_CODEC.OBJ
E:\SHARE\FFMPEG_OPENGL\TRUNK\FFMPEG_VS\FFMPEG_VS\DEBUG\4XM_FORMAT.OBJ
E:\SHARE\FFMPEG_OPENGL\TRUNK\FFMPEG_VS\FFMPEG_VS\DEBUG\8BPS.OBJ
E:\SHARE\FFMPEG_OPENGL\TRUNK\FFMPEG_VS\FFMPEG_VS\DEBUG\AASC.OBJ
E:\SHARE\FFMPEG_OPENGL\TRUNK\FFMPEG_VS\FFMPEG_VS\DEBUG\AC3ENC.OBJ
E:\SHARE\FFMPEG_OPENGL\TRUNK\FFMPEG_VS\FFMPEG_VS\DEBUG\ADPCM.OBJ
E:\SHARE\FFMPEG_OPENGL\TRUNK\FFMPEG_VS\FFMPEG_VS\DEBUG\ADTSENC.OBJ
E:\SHARE\FFMPEG_OPENGL\TRUNK\FFMPEG_VS\FFMPEG_VS\DEBUG\ADX.OBJ
E:\SHARE\FFMPEG_OPENGL\TRUNK\FFMPEG_VS\FFMPEG_VS\DEBUG\AIFF.OBJ
E:\SHARE\FFMPEG_OPENGL\TRUNK\FFMPEG_VS\FFMPEG_VS\DEBUG\ALAC.OBJ
E:\SHARE\FFMPEG_OPENGL\TRUNK\FFMPEG_VS\FFMPEG_VS\DEBUG\ALLCODECS.OBJ
E:\SHARE\FFMPEG_OPENGL\TRUNK\FFMPEG_VS\FFMPEG_VS\DEBUG\ALLFORMATS.OBJ
E:\SHARE\FFMPEG_OPENGL\TRUNK\FFMPEG_VS\FFMPEG_VS\DEBUG\ASF.OBJ
E:\SHARE\FFMPEG_OPENGL\TRUNK\FFMPEG_VS\FFMPEG_VS\DEBUG\ASF-ENC.OBJ
E:\SHARE\FFMPEG_OPENGL\TRUNK\FFMPEG_VS\FFMPEG_VS\DEBUG\ASV1.OBJ
E:\SHARE\FFMPEG_OPENGL\TRUNK\FFMPEG_VS\FFMPEG_VS\DEBUG\AU.OBJ
E:\SHARE\FFMPEG_OPENGL\TRUNK\FFMPEG_VS\FFMPEG_VS\DEBUG\AVIDEC.OBJ
E:\SHARE\FFMPEG_OPENGL\TRUNK\FFMPEG_VS\FFMPEG_VS\DEBUG\AVIENC.OBJ
E:\SHARE\FFMPEG_OPENGL\TRUNK\FFMPEG_VS\FFMPEG_VS\DEBUG\AVIO.OBJ
E:\SHARE\FFMPEG_OPENGL\TRUNK\FFMPEG_VS\FFMPEG_VS\DEBUG\AVIOBUF.OBJ
E:\SHARE\FFMPEG_OPENGL\TRUNK\FFMPEG_VS\FFMPEG_VS\DEBUG\AVS_CODEC.OBJ
E:\SHARE\FFMPEG_OPENGL\TRUNK\FFMPEG_VS\FFMPEG_VS\DEBUG\AVS_FORMAT.OBJ
E:\SHARE\FFMPEG_OPENGL\TRUNK\FFMPEG_VS\FFMPEG_VS\DEBUG\BITSTREAM.OBJ
E:\SHARE\FFMPEG_OPENGL\TRUNK\FFMPEG_VS\FFMPEG_VS\DEBUG\BMP.OBJ
E:\SHARE\FFMPEG_OPENGL\TRUNK\FFMPEG_VS\FFMPEG_VS\DEBUG\CABAC.OBJ
E:\SHARE\FFMPEG_OPENGL\TRUNK\FFMPEG_VS\FFMPEG_VS\DEBUG\CINEPAK.OBJ
E:\share\ffmpeg_openGl\trunk\ffmpeg_vs\ffmpeg_vs\Debug\cl.command.1.tlog
E:\share\ffmpeg_openGl\trunk\ffmpeg_vs\ffmpeg_vs\Debug\CL.read.1.tlog
E:\share\ffmpeg_openGl\trunk\ffmpeg_vs\ffmpeg_vs\Debug\CL.write.1.tlog
E:\SHARE\FFMPEG_OPENGL\TRUNK\FFMPEG_VS\FFMPEG_VS\DEBUG\CLJR.OBJ
E:\SHARE\FFMPEG_OPENGL\TRUNK\FFMPEG_VS\FFMPEG_VS\DEBUG\COOK.OBJ
E:\SHARE\FFMPEG_OPENGL\TRUNK\FFMPEG_VS\FFMPEG_VS\DEBUG\CRC.OBJ
E:\SHARE\FFMPEG_OPENGL\TRUNK\FFMPEG_VS\FFMPEG_VS\DEBUG\CRC_UTIL.OBJ
E:\SHARE\FFMPEG_OPENGL\TRUNK\FFMPEG_VS\FFMPEG_VS\DEBUG\CSCD.OBJ
E:\SHARE\FFMPEG_OPENGL\TRUNK\FFMPEG_VS\FFMPEG_VS\DEBUG\CUTILS.OBJ
E:\SHARE\FFMPEG_OPENGL\TRUNK\FFMPEG_VS\FFMPEG_VS\DEBUG\CYUV.OBJ
E:\SHARE\FFMPEG_OPENGL\TRUNK\FFMPEG_VS\FFMPEG_VS\DEBUG\DAUD.OBJ
E:\SHARE\FFMPEG_OPENGL\TRUNK\FFMPEG_VS\FFMPEG_VS\DEBUG\DPCM.OBJ
E:\SHARE\FFMPEG_OPENGL\TRUNK\FFMPEG_VS\FFMPEG_VS\DEBUG\DSPUTIL.OBJ
E:\SHARE\FFMPEG_OPENGL\TRUNK\FFMPEG_VS\FFMPEG_VS\DEBUG\DV_CODEC.OBJ
E:\SHARE\FFMPEG_OPENGL\TRUNK\FFMPEG_VS\FFMPEG_VS\DEBUG\DV_FORMAT.OBJ
E:\SHARE\FFMPEG_OPENGL\TRUNK\FFMPEG_VS\FFMPEG_VS\DEBUG\DVBSUB.OBJ
E:\SHARE\FFMPEG_OPENGL\TRUNK\FFMPEG_VS\FFMPEG_VS\DEBUG\DVBSUBDEC.OBJ
E:\SHARE\FFMPEG_OPENGL\TRUNK\FFMPEG_VS\FFMPEG_VS\DEBUG\DVDSUB.OBJ
E:\SHARE\FFMPEG_OPENGL\TRUNK\FFMPEG_VS\FFMPEG_VS\DEBUG\DVDSUBENC.OBJ
E:\SHARE\FFMPEG_OPENGL\TRUNK\FFMPEG_VS\FFMPEG_VS\DEBUG\ELECTRONICARTS.OBJ
E:\SHARE\FFMPEG_OPENGL\TRUNK\FFMPEG_VS\FFMPEG_VS\DEBUG\ERROR_RESILIENCE.OBJ
E:\SHARE\FFMPEG_OPENGL\TRUNK\FFMPEG_VS\FFMPEG_VS\DEBUG\EVAL.OBJ
E:\SHARE\FFMPEG_OPENGL\TRUNK\FFMPEG_VS\FFMPEG_VS\DEBUG\FAANDCT.OBJ
E:\SHARE\FFMPEG_OPENGL\TRUNK\FFMPEG_VS\FFMPEG_VS\DEBUG\FFM.OBJ
E:\SHARE\FFMPEG_OPENGL\TRUNK\FFMPEG_VS\FFMPEG_VS\DEBUG\FFPLAY.EXE
E:\SHARE\FFMPEG_OPENGL\TRUNK\FFMPEG_VS\FFMPEG_VS\DEBUG\FFPLAY.EXE.EMBED.MANIFEST
E:\SHARE\FFMPEG_OPENGL\TRUNK\FFMPEG_VS\FFMPEG_VS\DEBUG\FFPLAY.EXE.EMBED.MANIFEST.RES
E:\SHARE\FFMPEG_OPENGL\TRUNK\FFMPEG_VS\FFMPEG_VS\DEBUG\FFPLAY.EXE.INTERMEDIATE.MANIFEST
E:\SHARE\FFMPEG_OPENGL\TRUNK\FFMPEG_VS\FFMPEG_VS\DEBUG\FFPLAY.ILK
E:\SHARE\FFMPEG_OPENGL\TRUNK\FFMPEG_VS\FFMPEG_VS\DEBUG\FFPLAY.PDB
E:\share\ffmpeg_openGl\trunk\ffmpeg_vs\ffmpeg_vs\Debug\ffplay_manifest.rc
E:\SHARE\FFMPEG_OPENGL\TRUNK\FFMPEG_VS\FFMPEG_VS\DEBUG\FFT.OBJ
E:\SHARE\FFMPEG_OPENGL\TRUNK\FFMPEG_VS\FFMPEG_VS\DEBUG\FFV1.OBJ
E:\SHARE\FFMPEG_OPENGL\TRUNK\FFMPEG_VS\FFMPEG_VS\DEBUG\FILE.OBJ
E:\SHARE\FFMPEG_OPENGL\TRUNK\FFMPEG_VS\FFMPEG_VS\DEBUG\FLAC.OBJ
E:\SHARE\FFMPEG_OPENGL\TRUNK\FFMPEG_VS\FFMPEG_VS\DEBUG\FLIC.OBJ
E:\SHARE\FFMPEG_OPENGL\TRUNK\FFMPEG_VS\FFMPEG_VS\DEBUG\FLICVIDEO.OBJ
E:\SHARE\FFMPEG_OPENGL\TRUNK\FFMPEG_VS\FFMPEG_VS\DEBUG\FLVDEC.OBJ
E:\SHARE\FFMPEG_OPENGL\TRUNK\FFMPEG_VS\FFMPEG_VS\DEBUG\FLVENC.OBJ
E:\SHARE\FFMPEG_OPENGL\TRUNK\FFMPEG_VS\FFMPEG_VS\DEBUG\FRAMEHOOK.OBJ
E:\SHARE\FFMPEG_OPENGL\TRUNK\FFMPEG_VS\FFMPEG_VS\DEBUG\FRAPS.OBJ
E:\SHARE\FFMPEG_OPENGL\TRUNK\FFMPEG_VS\FFMPEG_VS\DEBUG\G726.OBJ
E:\SHARE\FFMPEG_OPENGL\TRUNK\FFMPEG_VS\FFMPEG_VS\DEBUG\GIF.OBJ
E:\SHARE\FFMPEG_OPENGL\TRUNK\FFMPEG_VS\FFMPEG_VS\DEBUG\GIFDEC.OBJ
E:\SHARE\FFMPEG_OPENGL\TRUNK\FFMPEG_VS\FFMPEG_VS\DEBUG\GOLOMB.OBJ
E:\SHARE\FFMPEG_OPENGL\TRUNK\FFMPEG_VS\FFMPEG_VS\DEBUG\H261.OBJ
E:\SHARE\FFMPEG_OPENGL\TRUNK\FFMPEG_VS\FFMPEG_VS\DEBUG\H263.OBJ
E:\SHARE\FFMPEG_OPENGL\TRUNK\FFMPEG_VS\FFMPEG_VS\DEBUG\H263DEC.OBJ
E:\SHARE\FFMPEG_OPENGL\TRUNK\FFMPEG_VS\FFMPEG_VS\DEBUG\H264.OBJ
E:\SHARE\FFMPEG_OPENGL\TRUNK\FFMPEG_VS\FFMPEG_VS\DEBUG\H264IDCT.OBJ
E:\SHARE\FFMPEG_OPENGL\TRUNK\FFMPEG_VS\FFMPEG_VS\DEBUG\HTTP.OBJ
E:\SHARE\FFMPEG_OPENGL\TRUNK\FFMPEG_VS\FFMPEG_VS\DEBUG\HUFFYUV.OBJ
E:\SHARE\FFMPEG_OPENGL\TRUNK\FFMPEG_VS\FFMPEG_VS\DEBUG\IDCIN.OBJ
E:\SHARE\FFMPEG_OPENGL\TRUNK\FFMPEG_VS\FFMPEG_VS\DEBUG\IDCINVIDEO.OBJ
E:\SHARE\FFMPEG_OPENGL\TRUNK\FFMPEG_VS\FFMPEG_VS\DEBUG\IDROQ.OBJ
E:\SHARE\FFMPEG_OPENGL\TRUNK\FFMPEG_VS\FFMPEG_VS\DEBUG\IMG.OBJ
E:\SHARE\FFMPEG_OPENGL\TRUNK\FFMPEG_VS\FFMPEG_VS\DEBUG\IMG2.OBJ
E:\SHARE\FFMPEG_OPENGL\TRUNK\FFMPEG_VS\FFMPEG_VS\DEBUG\IMGCONVERT.OBJ
E:\SHARE\FFMPEG_OPENGL\TRUNK\FFMPEG_VS\FFMPEG_VS\DEBUG\IMGRESAMPLE.OBJ
E:\SHARE\FFMPEG_OPENGL\TRUNK\FFMPEG_VS\FFMPEG_VS\DEBUG\INDEO2.OBJ
E:\SHARE\FFMPEG_OPENGL\TRUNK\FFMPEG_VS\FFMPEG_VS\DEBUG\INDEO3.OBJ
E:\SHARE\FFMPEG_OPENGL\TRUNK\FFMPEG_VS\FFMPEG_VS\DEBUG\INTEGER.OBJ
E:\SHARE\FFMPEG_OPENGL\TRUNK\FFMPEG_VS\FFMPEG_VS\DEBUG\INTERPLAYVIDEO.OBJ
E:\SHARE\FFMPEG_OPENGL\TRUNK\FFMPEG_VS\FFMPEG_VS\DEBUG\INTFLOAT_READWRITE.OBJ
E:\SHARE\FFMPEG_OPENGL\TRUNK\FFMPEG_VS\FFMPEG_VS\DEBUG\IPMOVIE.OBJ
E:\SHARE\FFMPEG_OPENGL\TRUNK\FFMPEG_VS\FFMPEG_VS\DEBUG\JFDCTFST.OBJ
E:\SHARE\FFMPEG_OPENGL\TRUNK\FFMPEG_VS\FFMPEG_VS\DEBUG\JFDCTINT.OBJ
E:\SHARE\FFMPEG_OPENGL\TRUNK\FFMPEG_VS\FFMPEG_VS\DEBUG\JPEG.OBJ
E:\SHARE\FFMPEG_OPENGL\TRUNK\FFMPEG_VS\FFMPEG_VS\DEBUG\JREVDCT.OBJ
E:\SHARE\FFMPEG_OPENGL\TRUNK\FFMPEG_VS\FFMPEG_VS\DEBUG\LCL.OBJ
E:\share\ffmpeg_openGl\trunk\ffmpeg_vs\ffmpeg_vs\Debug\link.5844.read.1.tlog
E:\share\ffmpeg_openGl\trunk\ffmpeg_vs\ffmpeg_vs\Debug\link.5844.write.1.tlog
E:\share\ffmpeg_openGl\trunk\ffmpeg_vs\ffmpeg_vs\Debug\link.5844-cvtres.read.1.tlog
E:\share\ffmpeg_openGl\trunk\ffmpeg_vs\ffmpeg_vs\Debug\link.5844-cvtres.write.1.tlog
E:\share\ffmpeg_openGl\trunk\ffmpeg_vs\ffmpeg_vs\Debug\link.command.1.tlog
E:\share\ffmpeg_openGl\trunk\ffmpeg_vs\ffmpeg_vs\Debug\link.read.1.tlog
E:\share\ffmpeg_openGl\trunk\ffmpeg_vs\ffmpeg_vs\Debug\link.write.1.tlog
E:\share\ffmpeg_openGl\trunk\ffmpeg_vs\ffmpeg_vs\Debug\link-cvtres.read.1.tlog
E:\share\ffmpeg_openGl\trunk\ffmpeg_vs\ffmpeg_vs\Debug\link-cvtres.write.1.tlog
E:\SHARE\FFMPEG_OPENGL\TRUNK\FFMPEG_VS\FFMPEG_VS\DEBUG\LOCO.OBJ
E:\SHARE\FFMPEG_OPENGL\TRUNK\FFMPEG_VS\FFMPEG_VS\DEBUG\LZO.OBJ
E:\SHARE\FFMPEG_OPENGL\TRUNK\FFMPEG_VS\FFMPEG_VS\DEBUG\MACE.OBJ
E:\SHARE\FFMPEG_OPENGL\TRUNK\FFMPEG_VS\FFMPEG_VS\DEBUG\MAIN.OBJ
E:\SHARE\FFMPEG_OPENGL\TRUNK\FFMPEG_VS\FFMPEG_VS\DEBUG\MATHEMATICS.OBJ
E:\SHARE\FFMPEG_OPENGL\TRUNK\FFMPEG_VS\FFMPEG_VS\DEBUG\MATROSKA.OBJ
E:\SHARE\FFMPEG_OPENGL\TRUNK\FFMPEG_VS\FFMPEG_VS\DEBUG\MDCT.OBJ
E:\SHARE\FFMPEG_OPENGL\TRUNK\FFMPEG_VS\FFMPEG_VS\DEBUG\MEM.OBJ
E:\SHARE\FFMPEG_OPENGL\TRUNK\FFMPEG_VS\FFMPEG_VS\DEBUG\MJPEG.OBJ
E:\SHARE\FFMPEG_OPENGL\TRUNK\FFMPEG_VS\FFMPEG_VS\DEBUG\MM.OBJ
E:\SHARE\FFMPEG_OPENGL\TRUNK\FFMPEG_VS\FFMPEG_VS\DEBUG\MMF.OBJ
E:\SHARE\FFMPEG_OPENGL\TRUNK\FFMPEG_VS\FFMPEG_VS\DEBUG\MMVIDEO.OBJ
E:\SHARE\FFMPEG_OPENGL\TRUNK\FFMPEG_VS\FFMPEG_VS\DEBUG\MOTION_EST.OBJ
E:\SHARE\FFMPEG_OPENGL\TRUNK\FFMPEG_VS\FFMPEG_VS\DEBUG\MOV.OBJ
E:\SHARE\FFMPEG_OPENGL\TRUNK\FFMPEG_VS\FFMPEG_VS\DEBUG\MOVENC.OBJ
E:\SHARE\FFMPEG_OPENGL\TRUNK\FFMPEG_VS\FFMPEG_VS\DEBUG\MP3.OBJ
E:\SHARE\FFMPEG_OPENGL\TRUNK\FFMPEG_VS\FFMPEG_VS\DEBUG\MPEG.OBJ
E:\SHARE\FFMPEG_OPENGL\TRUNK\FFMPEG_VS\FFMPEG_VS\DEBUG\MPEG12.OBJ
E:\SHARE\FFMPEG_OPENGL\TRUNK\FFMPEG_VS\FFMPEG_VS\DEBUG\MPEGAUDIO.OBJ
E:\SHARE\FFMPEG_OPENGL\TRUNK\FFMPEG_VS\FFMPEG_VS\DEBUG\MPEGAUDIODEC.OBJ
E:\SHARE\FFMPEG_OPENGL\TRUNK\FFMPEG_VS\FFMPEG_VS\DEBUG\MPEGTS.OBJ
E:\SHARE\FFMPEG_OPENGL\TRUNK\FFMPEG_VS\FFMPEG_VS\DEBUG\MPEGTSENC.OBJ
E:\SHARE\FFMPEG_OPENGL\TRUNK\FFMPEG_VS\FFMPEG_VS\DEBUG\MPEGVIDEO.OBJ
E:\SHARE\FFMPEG_OPENGL\TRUNK\FFMPEG_VS\FFMPEG_VS\DEBUG\MPJPEG.OBJ
E:\SHARE\FFMPEG_OPENGL\TRUNK\FFMPEG_VS\FFMPEG_VS\DEBUG\MSMPEG4.OBJ
E:\SHARE\FFMPEG_OPENGL\TRUNK\FFMPEG_VS\FFMPEG_VS\DEBUG\MSRLE.OBJ
E:\SHARE\FFMPEG_OPENGL\TRUNK\FFMPEG_VS\FFMPEG_VS\DEBUG\MSVIDEO1.OBJ
E:\share\ffmpeg_openGl\trunk\ffmpeg_vs\ffmpeg_vs\Debug\mt.command.1.tlog
E:\share\ffmpeg_openGl\trunk\ffmpeg_vs\ffmpeg_vs\Debug\mt.read.1.tlog
E:\share\ffmpeg_openGl\trunk\ffmpeg_vs\ffmpeg_vs\Debug\mt.write.1.tlog
E:\SHARE\FFMPEG_OPENGL\TRUNK\FFMPEG_VS\FFMPEG_VS\DEBUG\NSVDEC.OBJ
E:\SHARE\FFMPEG_OPENGL\TRUNK\FFMPEG_VS\FFMPEG_VS\DEBUG\NUT.OBJ
E:\SHARE\FFMPEG_OPENGL\TRUNK\FFMPEG_VS\FFMPEG_VS\DEBUG\NUV_CODEC.OBJ
E:\SHARE\FFMPEG_OPENGL\TRUNK\FFMPEG_VS\FFMPEG_VS\DEBUG\NUV_FORMAT.OBJ
E:\SHARE\FFMPEG_OPENGL\TRUNK\FFMPEG_VS\FFMPEG_VS\DEBUG\OGG2.OBJ
E:\SHARE\FFMPEG_OPENGL\TRUNK\FFMPEG_VS\FFMPEG_VS\DEBUG\OGGPARSEFLAC.OBJ
E:\SHARE\FFMPEG_OPENGL\TRUNK\FFMPEG_VS\FFMPEG_VS\DEBUG\OGGPARSETHEORA.OBJ
E:\SHARE\FFMPEG_OPENGL\TRUNK\FFMPEG_VS\FFMPEG_VS\DEBUG\OGGPARSEVORBIS.OBJ
E:\SHARE\FFMPEG_OPENGL\TRUNK\FFMPEG_VS\FFMPEG_VS\DEBUG\OPENGL.OBJ
E:\SHARE\FFMPEG_OPENGL\TRUNK\FFMPEG_VS\FFMPEG_VS\DEBUG\OPT.OBJ
E:\SHARE\FFMPEG_OPENGL\TRUNK\FFMPEG_VS\FFMPEG_VS\DEBUG\OS_SUPPORT.OBJ
E:\SHARE\FFMPEG_OPENGL\TRUNK\FFMPEG_VS\FFMPEG_VS\DEBUG\PARSER.OBJ
E:\SHARE\FFMPEG_OPENGL\TRUNK\FFMPEG_VS\FFMPEG_VS\DEBUG\PCM.OBJ
E:\SHARE\FFMPEG_OPENGL\TRUNK\FFMPEG_VS\FFMPEG_VS\DEBUG\PNG_CODEC.OBJ
E:\SHARE\FFMPEG_OPENGL\TRUNK\FFMPEG_VS\FFMPEG_VS\DEBUG\PNG_FORMAT.OBJ
E:\SHARE\FFMPEG_OPENGL\TRUNK\FFMPEG_VS\FFMPEG_VS\DEBUG\PNM_CODEC.OBJ
E:\SHARE\FFMPEG_OPENGL\TRUNK\FFMPEG_VS\FFMPEG_VS\DEBUG\PNM_FORMAT.OBJ
E:\SHARE\FFMPEG_OPENGL\TRUNK\FFMPEG_VS\FFMPEG_VS\DEBUG\PSXSTR.OBJ
E:\SHARE\FFMPEG_OPENGL\TRUNK\FFMPEG_VS\FFMPEG_VS\DEBUG\QDM2.OBJ
E:\SHARE\FFMPEG_OPENGL\TRUNK\FFMPEG_VS\FFMPEG_VS\DEBUG\QDRW.OBJ
E:\SHARE\FFMPEG_OPENGL\TRUNK\FFMPEG_VS\FFMPEG_VS\DEBUG\QPEG.OBJ
E:\SHARE\FFMPEG_OPENGL\TRUNK\FFMPEG_VS\FFMPEG_VS\DEBUG\QTRLE.OBJ
E:\SHARE\FFMPEG_OPENGL\TRUNK\FFMPEG_VS\FFMPEG_VS\DEBUG\RA144.OBJ
E:\SHARE\FFMPEG_OPENGL\TRUNK\FFMPEG_VS\FFMPEG_VS\DEBUG\RA288.OBJ
E:\SHARE\FFMPEG_OPENGL\TRUNK\FFMPEG_VS\FFMPEG_VS\DEBUG\RANGECODER.OBJ
E:\SHARE\FFMPEG_OPENGL\TRUNK\FFMPEG_VS\FFMPEG_VS\DEBUG\RATECONTROL.OBJ
E:\SHARE\FFMPEG_OPENGL\TRUNK\FFMPEG_VS\FFMPEG_VS\DEBUG\RATIONAL.OBJ
E:\SHARE\FFMPEG_OPENGL\TRUNK\FFMPEG_VS\FFMPEG_VS\DEBUG\RAW_CODEC.OBJ
E:\SHARE\FFMPEG_OPENGL\TRUNK\FFMPEG_VS\FFMPEG_VS\DEBUG\RAW_FORMAT.OBJ
E:\share\ffmpeg_openGl\trunk\ffmpeg_vs\ffmpeg_vs\Debug\rc.command.1.tlog
E:\share\ffmpeg_openGl\trunk\ffmpeg_vs\ffmpeg_vs\Debug\rc.read.1.tlog
E:\share\ffmpeg_openGl\trunk\ffmpeg_vs\ffmpeg_vs\Debug\rc.write.1.tlog
E:\SHARE\FFMPEG_OPENGL\TRUNK\FFMPEG_VS\FFMPEG_VS\DEBUG\RESAMPLE.OBJ
E:\SHARE\FFMPEG_OPENGL\TRUNK\FFMPEG_VS\FFMPEG_VS\DEBUG\RESAMPLE2.OBJ
E:\SHARE\FFMPEG_OPENGL\TRUNK\FFMPEG_VS\FFMPEG_VS\DEBUG\RM.OBJ
E:\SHARE\FFMPEG_OPENGL\TRUNK\FFMPEG_VS\FFMPEG_VS\DEBUG\ROQVIDEO.OBJ
E:\SHARE\FFMPEG_OPENGL\TRUNK\FFMPEG_VS\FFMPEG_VS\DEBUG\RPZA.OBJ
E:\SHARE\FFMPEG_OPENGL\TRUNK\FFMPEG_VS\FFMPEG_VS\DEBUG\RTJPEG.OBJ
E:\SHARE\FFMPEG_OPENGL\TRUNK\FFMPEG_VS\FFMPEG_VS\DEBUG\RTP.OBJ
E:\SHARE\FFMPEG_OPENGL\TRUNK\FFMPEG_VS\FFMPEG_VS\DEBUG\RTPPROTO.OBJ
E:\SHARE\FFMPEG_OPENGL\TRUNK\FFMPEG_VS\FFMPEG_VS\DEBUG\RTSP.OBJ
E:\SHARE\FFMPEG_OPENGL\TRUNK\FFMPEG_VS\FFMPEG_VS\DEBUG\RV10.OBJ
E:\SHARE\FFMPEG_OPENGL\TRUNK\FFMPEG_VS\FFMPEG_VS\DEBUG\SEGAFILM.OBJ
E:\SHARE\FFMPEG_OPENGL\TRUNK\FFMPEG_VS\FFMPEG_VS\DEBUG\SGI.OBJ
E:\SHARE\FFMPEG_OPENGL\TRUNK\FFMPEG_VS\FFMPEG_VS\DEBUG\SHORTEN.OBJ
E:\SHARE\FFMPEG_OPENGL\TRUNK\FFMPEG_VS\FFMPEG_VS\DEBUG\SIERRAVMD.OBJ
E:\SHARE\FFMPEG_OPENGL\TRUNK\FFMPEG_VS\FFMPEG_VS\DEBUG\SIMPLE_IDCT.OBJ
E:\SHARE\FFMPEG_OPENGL\TRUNK\FFMPEG_VS\FFMPEG_VS\DEBUG\SMACKER_CODEC.OBJ
E:\SHARE\FFMPEG_OPENGL\TRUNK\FFMPEG_VS\FFMPEG_VS\DEBUG\SMACKER_FORMAT.OBJ
E:\SHARE\FFMPEG_OPENGL\TRUNK\FFMPEG_VS\FFMPEG_VS\DEBUG\SMC.OBJ
E:\SHARE\FFMPEG_OPENGL\TRUNK\FFMPEG_VS\FFMPEG_VS\DEBUG\SNOW.OBJ
E:\SHARE\FFMPEG_OPENGL\TRUNK\FFMPEG_VS\FFMPEG_VS\DEBUG\SOL.OBJ
E:\SHARE\FFMPEG_OPENGL\TRUNK\FFMPEG_VS\FFMPEG_VS\DEBUG\SONIC.OBJ
E:\SHARE\FFMPEG_OPENGL\TRUNK\FFMPEG_VS\FFMPEG_VS\DEBUG\SVQ1.OBJ
E:\SHARE\FFMPEG_OPENGL\TRUNK\FFMPEG_VS\FFMPEG_VS\DEBUG\SWF.OBJ
E:\SHARE\FFMPEG_OPENGL\TRUNK\FFMPEG_VS\FFMPEG_VS\DEBUG\TCP.OBJ
E:\SHARE\FFMPEG_OPENGL\TRUNK\FFMPEG_VS\FFMPEG_VS\DEBUG\TRUEMOTION1.OBJ
E:\SHARE\FFMPEG_OPENGL\TRUNK\FFMPEG_VS\FFMPEG_VS\DEBUG\TRUEMOTION2.OBJ
E:\SHARE\FFMPEG_OPENGL\TRUNK\FFMPEG_VS\FFMPEG_VS\DEBUG\TRUESPEECH.OBJ
E:\SHARE\FFMPEG_OPENGL\TRUNK\FFMPEG_VS\FFMPEG_VS\DEBUG\TSCC.OBJ
E:\SHARE\FFMPEG_OPENGL\TRUNK\FFMPEG_VS\FFMPEG_VS\DEBUG\TTA_CODEC.OBJ
E:\SHARE\FFMPEG_OPENGL\TRUNK\FFMPEG_VS\FFMPEG_VS\DEBUG\TTA_FORMAT.OBJ
E:\SHARE\FFMPEG_OPENGL\TRUNK\FFMPEG_VS\FFMPEG_VS\DEBUG\UDP.OBJ
E:\SHARE\FFMPEG_OPENGL\TRUNK\FFMPEG_VS\FFMPEG_VS\DEBUG\ULTI.OBJ
E:\SHARE\FFMPEG_OPENGL\TRUNK\FFMPEG_VS\FFMPEG_VS\DEBUG\UTILS_CODEC.OBJ
E:\SHARE\FFMPEG_OPENGL\TRUNK\FFMPEG_VS\FFMPEG_VS\DEBUG\UTILS_FORMAT.OBJ
E:\share\ffmpeg_openGl\trunk\ffmpeg_vs\ffmpeg_vs\Debug\vc100.idb
E:\SHARE\FFMPEG_OPENGL\TRUNK\FFMPEG_VS\FFMPEG_VS\DEBUG\VC100.PDB
E:\SHARE\FFMPEG_OPENGL\TRUNK\FFMPEG_VS\FFMPEG_VS\DEBUG\VC9.OBJ
E:\SHARE\FFMPEG_OPENGL\TRUNK\FFMPEG_VS\FFMPEG_VS\DEBUG\VCR1.OBJ
E:\SHARE\FFMPEG_OPENGL\TRUNK\FFMPEG_VS\FFMPEG_VS\DEBUG\VMDAV.OBJ
E:\SHARE\FFMPEG_OPENGL\TRUNK\FFMPEG_VS\FFMPEG_VS\DEBUG\VOC.OBJ
E:\SHARE\FFMPEG_OPENGL\TRUNK\FFMPEG_VS\FFMPEG_VS\DEBUG\VORBIS.OBJ
E:\SHARE\FFMPEG_OPENGL\TRUNK\FFMPEG_VS\FFMPEG_VS\DEBUG\VP3.OBJ
E:\SHARE\FFMPEG_OPENGL\TRUNK\FFMPEG_VS\FFMPEG_VS\DEBUG\VP3DSP.OBJ
E:\SHARE\FFMPEG_OPENGL\TRUNK\FFMPEG_VS\FFMPEG_VS\DEBUG\VQAVIDEO.OBJ
E:\SHARE\FFMPEG_OPENGL\TRUNK\FFMPEG_VS\FFMPEG_VS\DEBUG\WAV.OBJ
E:\SHARE\FFMPEG_OPENGL\TRUNK\FFMPEG_VS\FFMPEG_VS\DEBUG\WC3MOVIE.OBJ
E:\SHARE\FFMPEG_OPENGL\TRUNK\FFMPEG_VS\FFMPEG_VS\DEBUG\WESTWOOD.OBJ
E:\SHARE\FFMPEG_OPENGL\TRUNK\FFMPEG_VS\FFMPEG_VS\DEBUG\WMADEC.OBJ
E:\SHARE\FFMPEG_OPENGL\TRUNK\FFMPEG_VS\FFMPEG_VS\DEBUG\WNV1.OBJ
E:\SHARE\FFMPEG_OPENGL\TRUNK\FFMPEG_VS\FFMPEG_VS\DEBUG\WS-SND1.OBJ
E:\SHARE\FFMPEG_OPENGL\TRUNK\FFMPEG_VS\FFMPEG_VS\DEBUG\XAN.OBJ
E:\SHARE\FFMPEG_OPENGL\TRUNK\FFMPEG_VS\FFMPEG_VS\DEBUG\XL.OBJ
E:\SHARE\FFMPEG_OPENGL\TRUNK\FFMPEG_VS\FFMPEG_VS\DEBUG\YUV.OBJ
E:\SHARE\FFMPEG_OPENGL\TRUNK\FFMPEG_VS\FFMPEG_VS\DEBUG\YUV4MPEG.OBJ
E:\SHARE\FFMPEG_OPENGL\TRUNK\FFMPEG_VS\FFMPEG_VS\DEBUG\ZMBV.OBJ
