生成启动时间为 2015/12/14 10:58:32。
     1>项目“E:\share\ffmpeg_openGl\trunk\simplest_ffmpeg_player_2.5\simplest_ffmpeg_decoder\simplest_ffmpeg_decoder.vcxproj”在节点 2 上(build 个目标)。
     1>InitializeBuildStatus:
         正在创建“Debug\simplest_ffmpeg_decoder.unsuccessfulbuild”，因为已指定“AlwaysCreate”。
       ClCompile:
         D:\Program Files (x86)\Microsoft Visual Studio 10.0\VC\bin\CL.exe /c /Iinclude /ZI /nologo /W3 /WX- /Od /Oy- /D WIN32 /D _DEBUG /D _CONSOLE /D _UNICODE /D UNICODE /Gm /EHsc /RTC1 /MDd /GS /fp:precise /Zc:wchar_t /Zc:forScope /Fo"Debug\\" /Fd"Debug\vc100.pdb" /Gd /TP /analyze- /errorReport:prompt simplest_ffmpeg_decoder.cpp
         simplest_ffmpeg_decoder.cpp
     1>e:\share\ffmpeg_opengl\trunk\simplest_ffmpeg_player_2.5\simplest_ffmpeg_decoder\simplest_ffmpeg_decoder.cpp(66): warning C4996: 'fopen': This function or variable may be unsafe. Consider using fopen_s instead. To disable deprecation, use _CRT_SECURE_NO_WARNINGS. See online help for details.
                 d:\program files (x86)\microsoft visual studio 10.0\vc\include\stdio.h(234) : 参见“fopen”的声明
     1>e:\share\ffmpeg_opengl\trunk\simplest_ffmpeg_player_2.5\simplest_ffmpeg_decoder\simplest_ffmpeg_decoder.cpp(81): warning C4018: “<”: 有符号/无符号不匹配
       ManifestResourceCompile:
         C:\Program Files (x86)\Microsoft SDKs\Windows\v7.0A\bin\rc.exe /nologo /fo"Debug\simplest_ffmpeg_decoder.exe.embed.manifest.res" Debug\simplest_ffmpeg_decoder_manifest.rc 
       Link:
         D:\Program Files (x86)\Microsoft Visual Studio 10.0\VC\bin\link.exe /ERRORREPORT:PROMPT /OUT:"E:\share\ffmpeg_openGl\trunk\simplest_ffmpeg_player_2.5\Debug\simplest_ffmpeg_decoder.exe" /INCREMENTAL /NOLOGO /LIBPATH:lib avcodec.lib avformat.lib avutil.lib avdevice.lib avfilter.lib postproc.lib swresample.lib swscale.lib kernel32.lib user32.lib gdi32.lib winspool.lib comdlg32.lib advapi32.lib shell32.lib ole32.lib oleaut32.lib uuid.lib odbc32.lib odbccp32.lib /MANIFEST /ManifestFile:"Debug\simplest_ffmpeg_decoder.exe.intermediate.manifest" /MANIFESTUAC:"level='asInvoker' uiAccess='false'" /DEBUG /PDB:"E:\share\ffmpeg_openGl\trunk\simplest_ffmpeg_player_2.5\Debug\simplest_ffmpeg_decoder.pdb" /SUBSYSTEM:CONSOLE /TLBID:1 /DYNAMICBASE /NXCOMPAT /IMPLIB:"E:\share\ffmpeg_openGl\trunk\simplest_ffmpeg_player_2.5\Debug\simplest_ffmpeg_decoder.lib" /MACHINE:X86 Debug\simplest_ffmpeg_decoder.exe.embed.manifest.res
         Debug\simplest_ffmpeg_decoder.obj
       Manifest:
         C:\Program Files (x86)\Microsoft SDKs\Windows\v7.0A\bin\mt.exe /nologo /verbose /out:"Debug\simplest_ffmpeg_decoder.exe.embed.manifest" /manifest Debug\simplest_ffmpeg_decoder.exe.intermediate.manifest
         C:\Program Files (x86)\Microsoft SDKs\Windows\v7.0A\bin\rc.exe /nologo /fo"Debug\simplest_ffmpeg_decoder.exe.embed.manifest.res" Debug\simplest_ffmpeg_decoder_manifest.rc 
       LinkEmbedManifest:
         D:\Program Files (x86)\Microsoft Visual Studio 10.0\VC\bin\link.exe /ERRORREPORT:PROMPT /OUT:"E:\share\ffmpeg_openGl\trunk\simplest_ffmpeg_player_2.5\Debug\simplest_ffmpeg_decoder.exe" /INCREMENTAL /NOLOGO /LIBPATH:lib avcodec.lib avformat.lib avutil.lib avdevice.lib avfilter.lib postproc.lib swresample.lib swscale.lib kernel32.lib user32.lib gdi32.lib winspool.lib comdlg32.lib advapi32.lib shell32.lib ole32.lib oleaut32.lib uuid.lib odbc32.lib odbccp32.lib /MANIFEST /ManifestFile:"Debug\simplest_ffmpeg_decoder.exe.intermediate.manifest" /MANIFESTUAC:"level='asInvoker' uiAccess='false'" /DEBUG /PDB:"E:\share\ffmpeg_openGl\trunk\simplest_ffmpeg_player_2.5\Debug\simplest_ffmpeg_decoder.pdb" /SUBSYSTEM:CONSOLE /TLBID:1 /DYNAMICBASE /NXCOMPAT /IMPLIB:"E:\share\ffmpeg_openGl\trunk\simplest_ffmpeg_player_2.5\Debug\simplest_ffmpeg_decoder.lib" /MACHINE:X86 Debug\simplest_ffmpeg_decoder.exe.embed.manifest.res
         Debug\simplest_ffmpeg_decoder.obj
         simplest_ffmpeg_decoder.vcxproj -> E:\share\ffmpeg_openGl\trunk\simplest_ffmpeg_player_2.5\Debug\simplest_ffmpeg_decoder.exe
       FinalizeBuildStatus:
         正在删除文件“Debug\simplest_ffmpeg_decoder.unsuccessfulbuild”。
         正在对“Debug\simplest_ffmpeg_decoder.lastbuildstate”执行 Touch 任务。
     1>已完成生成项目“E:\share\ffmpeg_openGl\trunk\simplest_ffmpeg_player_2.5\simplest_ffmpeg_decoder\simplest_ffmpeg_decoder.vcxproj”(build 个目标)的操作。

生成成功。

已用时间 00:00:04.75
